ModelWeb Browser Results

msis model listing
Required input parameters
Year= 2000, Month=  1, Day=  1, Hour= 0.00,
Time_type = Local
Coordinate_type = Geographic
Latitude=   69.58, Longitude=   19.23, Height=   100.00
Prof. parameters: Start=     0.00 Stop=  1000.00 Step=     1.00

Optional input parameters:

Sunspot number(Rz12) =not specified
Ionospheric index(IG12) =not specified
Upper limit for Electron content = not specified
F peak model =  
Ne Topside =  
foF2 Storm model =  
Bottomside Thickness =  
F1 occurrence probability =  
D-Region Ne =  
Topside Te =  
Ion Composition =  

Selected output parameters:
1  Height, km
2  O, cm-3 
3  N2, cm-3
4  O2, cm-3
5  He, cm-3 

1         2         3         4         5         
    0.0  0.000E+00  2.211E+19  5.932E+18  1.484E+14
    1.0  0.000E+00  1.965E+19  5.273E+18  1.319E+14
    2.0  0.000E+00  1.751E+19  4.698E+18  1.175E+14
    3.0  0.000E+00  1.561E+19  4.189E+18  1.048E+14
    4.0  0.000E+00  1.390E+19  3.730E+18  9.331E+13
    5.0  0.000E+00  1.235E+19  3.313E+18  8.288E+13
    6.0  0.000E+00  1.093E+19  2.932E+18  7.334E+13
    7.0  0.000E+00  9.625E+18  2.582E+18  6.459E+13
    8.0  0.000E+00  8.431E+18  2.262E+18  5.658E+13
    9.0  0.000E+00  7.341E+18  1.969E+18  4.927E+13
   10.0  0.000E+00  6.353E+18  1.704E+18  4.263E+13
   11.0  0.000E+00  5.465E+18  1.466E+18  3.667E+13
   12.0  0.000E+00  4.681E+18  1.256E+18  3.141E+13
   13.0  0.000E+00  4.000E+18  1.073E+18  2.684E+13
   14.0  0.000E+00  3.415E+18  9.162E+17  2.292E+13
   15.0  0.000E+00  2.917E+18  7.827E+17  1.958E+13
   16.0  0.000E+00  2.495E+18  6.694E+17  1.674E+13
   17.0  0.000E+00  2.135E+18  5.726E+17  1.432E+13
   18.0  0.000E+00  1.824E+18  4.894E+17  1.224E+13
   19.0  0.000E+00  1.556E+18  4.174E+17  1.044E+13
   20.0  0.000E+00  1.324E+18  3.551E+17  8.883E+12
   21.0  0.000E+00  1.122E+18  3.011E+17  7.532E+12
   22.0  0.000E+00  9.488E+17  2.545E+17  6.367E+12
   23.0  0.000E+00  7.999E+17  2.146E+17  5.368E+12
   24.0  0.000E+00  6.727E+17  1.805E+17  4.514E+12
   25.0  0.000E+00  5.646E+17  1.515E+17  3.789E+12
   26.0  0.000E+00  4.729E+17  1.269E+17  3.174E+12
   27.0  0.000E+00  3.956E+17  1.061E+17  2.655E+12
   28.0  0.000E+00  3.305E+17  8.865E+16  2.218E+12
   29.0  0.000E+00  2.758E+17  7.399E+16  1.851E+12
   30.0  0.000E+00  2.301E+17  6.172E+16  1.544E+12
   31.0  0.000E+00  1.918E+17  5.146E+16  1.287E+12
   32.0  0.000E+00  1.599E+17  4.290E+16  1.073E+12
   33.0  0.000E+00  1.334E+17  3.578E+16  8.951E+11
   34.0  0.000E+00  1.117E+17  2.998E+16  7.499E+11
   35.0  0.000E+00  9.404E+16  2.523E+16  6.311E+11
   36.0  0.000E+00  7.949E+16  2.133E+16  5.335E+11
   37.0  0.000E+00  6.747E+16  1.810E+16  4.527E+11
   38.0  0.000E+00  5.747E+16  1.542E+16  3.857E+11
   39.0  0.000E+00  4.914E+16  1.318E+16  3.297E+11
   40.0  0.000E+00  4.214E+16  1.131E+16  2.828E+11
   41.0  0.000E+00  3.625E+16  9.726E+15  2.433E+11
   42.0  0.000E+00  3.127E+16  8.390E+15  2.099E+11
   43.0  0.000E+00  2.704E+16  7.255E+15  1.815E+11
   44.0  0.000E+00  2.344E+16  6.288E+15  1.573E+11
   45.0  0.000E+00  2.036E+16  5.462E+15  1.366E+11
   46.0  0.000E+00  1.771E+16  4.752E+15  1.189E+11
   47.0  0.000E+00  1.544E+16  4.142E+15  1.036E+11
   48.0  0.000E+00  1.348E+16  3.617E+15  9.048E+10
   49.0  0.000E+00  1.179E+16  3.163E+15  7.913E+10
   50.0  0.000E+00  1.033E+16  2.771E+15  6.930E+10
   51.0  0.000E+00  9.059E+15  2.430E+15  6.079E+10
   52.0  0.000E+00  7.956E+15  2.134E+15  5.339E+10
   53.0  0.000E+00  6.997E+15  1.877E+15  4.695E+10
   54.0  0.000E+00  6.160E+15  1.653E+15  4.134E+10
   55.0  0.000E+00  5.429E+15  1.456E+15  3.643E+10
   56.0  0.000E+00  4.788E+15  1.285E+15  3.213E+10
   57.0  0.000E+00  4.226E+15  1.134E+15  2.836E+10
   58.0  0.000E+00  3.730E+15  1.001E+15  2.503E+10
   59.0  0.000E+00  3.293E+15  8.835E+14  2.210E+10
   60.0  0.000E+00  2.907E+15  7.799E+14  1.951E+10
   61.0  0.000E+00  2.565E+15  6.881E+14  1.721E+10
   62.0  0.000E+00  2.262E+15  6.068E+14  1.518E+10
   63.0  0.000E+00  1.993E+15  5.346E+14  1.338E+10
   64.0  0.000E+00  1.754E+15  4.704E+14  1.180E+10
   65.0  0.000E+00  1.543E+15  4.135E+14  1.039E+10
   66.0  0.000E+00  1.355E+15  3.631E+14  9.138E+09
   67.0  0.000E+00  1.188E+15  3.184E+14  8.027E+09
   68.0  0.000E+00  1.041E+15  2.788E+14  7.041E+09
   69.0  0.000E+00  9.104E+14  2.438E+14  6.168E+09
   70.0  0.000E+00  7.951E+14  2.129E+14  5.394E+09
   71.0  0.000E+00  6.933E+14  1.856E+14  4.711E+09
   72.0  0.000E+00  6.037E+14  1.615E+14  4.108E+09
   73.0  1.736E+07  5.251E+14  1.405E+14  3.579E+09
   74.0  3.831E+07  4.562E+14  1.220E+14  3.117E+09
   75.0  8.328E+07  3.960E+14  1.059E+14  2.713E+09
   76.0  1.774E+08  3.436E+14  9.180E+13  2.361E+09
   77.0  3.682E+08  2.980E+14  7.956E+13  2.055E+09
   78.0  7.418E+08  2.583E+14  6.891E+13  1.788E+09
   79.0  1.445E+09  2.238E+14  5.966E+13  1.556E+09
   80.0  2.711E+09  1.938E+14  5.161E+13  1.355E+09
   81.0  4.892E+09  1.677E+14  4.463E+13  1.180E+09
   82.0  8.473E+09  1.451E+14  3.857E+13  1.028E+09
   83.0  1.407E+10  1.255E+14  3.331E+13  8.965E+08
   84.0  2.241E+10  1.085E+14  2.875E+13  7.822E+08
   85.0  3.421E+10  9.376E+13  2.480E+13  6.831E+08
   86.0  5.012E+10  8.097E+13  2.137E+13  5.972E+08
   87.0  7.055E+10  6.988E+13  1.841E+13  5.227E+08
   88.0  9.554E+10  6.027E+13  1.583E+13  4.582E+08
   89.0  1.247E+11  5.195E+13  1.361E+13  4.023E+08
   90.0  1.572E+11  4.474E+13  1.168E+13  3.539E+08
   91.0  1.917E+11  3.850E+13  1.001E+13  3.119E+08
   92.0  2.266E+11  3.308E+13  8.560E+12  2.754E+08
   93.0  2.601E+11  2.836E+13  7.303E+12  2.437E+08
   94.0  2.905E+11  2.426E+13  6.211E+12  2.161E+08
   95.0  3.161E+11  2.070E+13  5.264E+12  1.920E+08
   96.0  3.360E+11  1.761E+13  4.444E+12  1.710E+08
   97.0  3.495E+11  1.494E+13  3.738E+12  1.528E+08
   98.0  3.564E+11  1.263E+13  3.131E+12  1.369E+08
   99.0  3.570E+11  1.065E+13  2.612E+12  1.231E+08
  100.0  3.518E+11  8.957E+12  2.169E+12  1.111E+08
  101.0  3.418E+11  7.511E+12  1.795E+12  1.006E+08
  102.0  3.280E+11  6.285E+12  1.480E+12  9.153E+07
  103.0  3.115E+11  5.253E+12  1.217E+12  8.363E+07
  104.0  2.931E+11  4.387E+12  9.989E+11  7.676E+07
  105.0  2.738E+11  3.664E+12  8.186E+11  7.077E+07
  106.0  2.542E+11  3.061E+12  6.703E+11  6.552E+07
  107.0  2.347E+11  2.559E+12  5.486E+11  6.089E+07
  108.0  2.158E+11  2.143E+12  4.491E+11  5.678E+07
  109.0  1.976E+11  1.796E+12  3.679E+11  5.312E+07
  110.0  1.804E+11  1.509E+12  3.016E+11  4.981E+07
  111.0  1.642E+11  1.270E+12  2.477E+11  4.682E+07
  112.0  1.492E+11  1.071E+12  2.038E+11  4.409E+07
  113.0  1.353E+11  9.065E+11  1.681E+11  4.160E+07
  114.0  1.225E+11  7.695E+11  1.391E+11  3.932E+07
  115.0  1.110E+11  6.556E+11  1.156E+11  3.723E+07
  116.0  1.005E+11  5.608E+11  9.647E+10  3.532E+07
  117.0  9.106E+10  4.820E+11  8.092E+10  3.358E+07
  118.0  8.266E+10  4.163E+11  6.826E+10  3.200E+07
  119.0  7.523E+10  3.618E+11  5.797E+10  3.059E+07
  120.0  6.872E+10  3.165E+11  4.961E+10  2.935E+07
  121.0  6.308E+10  2.790E+11  4.281E+10  2.828E+07
  122.0  5.828E+10  2.481E+11  3.731E+10  2.739E+07
  123.0  5.426E+10  2.228E+11  3.286E+10  2.669E+07
  124.0  5.073E+10  2.013E+11  2.915E+10  2.610E+07
  125.0  4.754E+10  1.826E+11  2.597E+10  2.559E+07
  126.0  4.463E+10  1.662E+11  2.325E+10  2.513E+07
  127.0  4.198E+10  1.517E+11  2.089E+10  2.473E+07
  128.0  3.955E+10  1.390E+11  1.884E+10  2.436E+07
  129.0  3.733E+10  1.276E+11  1.705E+10  2.402E+07
  130.0  3.528E+10  1.175E+11  1.549E+10  2.370E+07
  131.0  3.340E+10  1.084E+11  1.411E+10  2.339E+07
  132.0  3.165E+10  1.002E+11  1.289E+10  2.310E+07
  133.0  3.004E+10  9.289E+10  1.180E+10  2.280E+07
  134.0  2.855E+10  8.625E+10  1.084E+10  2.251E+07
  135.0  2.716E+10  8.024E+10  9.978E+09  2.222E+07
  136.0  2.586E+10  7.477E+10  9.204E+09  2.193E+07
  137.0  2.466E+10  6.979E+10  8.508E+09  2.163E+07
  138.0  2.353E+10  6.524E+10  7.880E+09  2.134E+07
  139.0  2.248E+10  6.107E+10  7.312E+09  2.105E+07
  140.0  2.150E+10  5.725E+10  6.796E+09  2.076E+07
  141.0  2.057E+10  5.374E+10  6.327E+09  2.048E+07
  142.0  1.971E+10  5.051E+10  5.899E+09  2.020E+07
  143.0  1.889E+10  4.752E+10  5.508E+09  1.993E+07
  144.0  1.812E+10  4.476E+10  5.149E+09  1.966E+07
  145.0  1.740E+10  4.221E+10  4.820E+09  1.940E+07
  146.0  1.672E+10  3.984E+10  4.518E+09  1.915E+07
  147.0  1.608E+10  3.765E+10  4.239E+09  1.890E+07
  148.0  1.547E+10  3.560E+10  3.982E+09  1.866E+07
  149.0  1.489E+10  3.370E+10  3.744E+09  1.843E+07
  150.0  1.434E+10  3.192E+10  3.524E+09  1.820E+07
  151.0  1.383E+10  3.027E+10  3.320E+09  1.798E+07
  152.0  1.334E+10  2.872E+10  3.130E+09  1.777E+07
  153.0  1.287E+10  2.727E+10  2.954E+09  1.756E+07
  154.0  1.242E+10  2.591E+10  2.789E+09  1.736E+07
  155.0  1.200E+10  2.464E+10  2.636E+09  1.717E+07
  156.0  1.160E+10  2.344E+10  2.494E+09  1.698E+07
  157.0  1.122E+10  2.232E+10  2.360E+09  1.680E+07
  158.0  1.085E+10  2.126E+10  2.235E+09  1.662E+07
  159.0  1.050E+10  2.026E+10  2.118E+09  1.645E+07
  160.0  1.017E+10  1.933E+10  2.009E+09  1.628E+07
  161.0  9.849E+09  1.840E+10  1.906E+09  1.611E+07
  162.0  9.544E+09  1.757E+10  1.810E+09  1.595E+07
  163.0  9.252E+09  1.678E+10  1.719E+09  1.580E+07
  164.0  8.973E+09  1.604E+10  1.634E+09  1.565E+07
  165.0  8.704E+09  1.533E+10  1.554E+09  1.550E+07
  166.0  8.447E+09  1.467E+10  1.478E+09  1.536E+07
  167.0  8.200E+09  1.404E+10  1.407E+09  1.522E+07
  168.0  7.963E+09  1.344E+10  1.339E+09  1.508E+07
  169.0  7.736E+09  1.287E+10  1.276E+09  1.495E+07
  170.0  7.517E+09  1.233E+10  1.216E+09  1.482E+07
  171.0  7.306E+09  1.182E+10  1.159E+09  1.469E+07
  172.0  7.104E+09  1.133E+10  1.106E+09  1.457E+07
  173.0  6.909E+09  1.087E+10  1.055E+09  1.445E+07
  174.0  6.721E+09  1.043E+10  1.007E+09  1.433E+07
  175.0  6.540E+09  1.001E+10  9.615E+08  1.421E+07
  176.0  6.366E+09  9.608E+09  9.184E+08  1.410E+07
  177.0  6.197E+09  9.227E+09  8.774E+08  1.399E+07
  178.0  6.035E+09  8.864E+09  8.386E+08  1.388E+07
  179.0  5.878E+09  8.517E+09  8.018E+08  1.377E+07
  180.0  5.727E+09  8.187E+09  7.667E+08  1.367E+07
  181.0  5.581E+09  7.871E+09  7.335E+08  1.357E+07
  182.0  5.439E+09  7.569E+09  7.018E+08  1.347E+07
  183.0  5.302E+09  7.281E+09  6.718E+08  1.337E+07
  184.0  5.170E+09  7.005E+09  6.431E+08  1.327E+07
  185.0  5.042E+09  6.742E+09  6.159E+08  1.318E+07
  186.0  4.919E+09  6.489E+09  5.899E+08  1.308E+07
  187.0  4.799E+09  6.248E+09  5.652E+08  1.299E+07
  188.0  4.683E+09  6.017E+09  5.416E+08  1.290E+07
  189.0  4.570E+09  5.796E+09  5.192E+08  1.281E+07
  190.0  4.461E+09  5.584E+09  4.978E+08  1.273E+07
  191.0  4.356E+09  5.380E+09  4.773E+08  1.264E+07
  192.0  4.253E+09  5.186E+09  4.578E+08  1.256E+07
  193.0  4.154E+09  4.999E+09  4.392E+08  1.248E+07
  194.0  4.057E+09  4.820E+09  4.214E+08  1.239E+07
  195.0  3.964E+09  4.648E+09  4.045E+08  1.231E+07
  196.0  3.873E+09  4.482E+09  3.882E+08  1.223E+07
  197.0  3.784E+09  4.324E+09  3.727E+08  1.216E+07
  198.0  3.699E+09  4.172E+09  3.579E+08  1.208E+07
  199.0  3.615E+09  4.026E+09  3.437E+08  1.201E+07
  200.0  3.534E+09  3.885E+09  3.302E+08  1.193E+07
  201.0  3.456E+09  3.750E+09  3.174E+08  1.185E+07
  202.0  3.379E+09  3.620E+09  3.050E+08  1.178E+07
  203.0  3.305E+09  3.495E+09  2.931E+08  1.170E+07
  204.0  3.232E+09  3.375E+09  2.817E+08  1.163E+07
  205.0  3.162E+09  3.260E+09  2.708E+08  1.157E+07
  206.0  3.093E+09  3.149E+09  2.603E+08  1.150E+07
  207.0  3.027E+09  3.042E+09  2.503E+08  1.143E+07
  208.0  2.962E+09  2.939E+09  2.407E+08  1.136E+07
  209.0  2.899E+09  2.840E+09  2.315E+08  1.130E+07
  210.0  2.837E+09  2.744E+09  2.227E+08  1.123E+07
  211.0  2.777E+09  2.652E+09  2.143E+08  1.117E+07
  212.0  2.718E+09  2.564E+09  2.062E+08  1.111E+07
  213.0  2.661E+09  2.478E+09  1.984E+08  1.105E+07
  214.0  2.606E+09  2.396E+09  1.909E+08  1.098E+07
  215.0  2.552E+09  2.317E+09  1.838E+08  1.092E+07
  216.0  2.499E+09  2.240E+09  1.769E+08  1.086E+07
  217.0  2.447E+09  2.167E+09  1.703E+08  1.080E+07
  218.0  2.397E+09  2.096E+09  1.640E+08  1.075E+07
  219.0  2.348E+09  2.027E+09  1.579E+08  1.069E+07
  220.0  2.301E+09  1.961E+09  1.520E+08  1.063E+07
  221.0  2.254E+09  1.897E+09  1.464E+08  1.057E+07
  222.0  2.208E+09  1.836E+09  1.410E+08  1.052E+07
  223.0  2.164E+09  1.776E+09  1.359E+08  1.046E+07
  224.0  2.121E+09  1.719E+09  1.309E+08  1.041E+07
  225.0  2.078E+09  1.664E+09  1.261E+08  1.035E+07
  226.0  2.037E+09  1.610E+09  1.215E+08  1.030E+07
  227.0  1.996E+09  1.559E+09  1.171E+08  1.024E+07
  228.0  1.957E+09  1.509E+09  1.128E+08  1.019E+07
  229.0  1.918E+09  1.461E+09  1.088E+08  1.014E+07
  230.0  1.881E+09  1.414E+09  1.048E+08  1.009E+07
  231.0  1.844E+09  1.369E+09  1.010E+08  1.003E+07
  232.0  1.808E+09  1.326E+09  9.741E+07  9.984E+06
  233.0  1.773E+09  1.284E+09  9.391E+07  9.934E+06
  234.0  1.739E+09  1.243E+09  9.054E+07  9.884E+06
  235.0  1.705E+09  1.204E+09  8.730E+07  9.834E+06
  236.0  1.672E+09  1.166E+09  8.418E+07  9.785E+06
  237.0  1.640E+09  1.130E+09  8.118E+07  9.736E+06
  238.0  1.609E+09  1.094E+09  7.829E+07  9.688E+06
  239.0  1.578E+09  1.060E+09  7.551E+07  9.640E+06
  240.0  1.548E+09  1.027E+09  7.283E+07  9.593E+06
  241.0  1.518E+09  9.951E+08  7.025E+07  9.546E+06
  242.0  1.490E+09  9.641E+08  6.777E+07  9.499E+06
  243.0  1.462E+09  9.342E+08  6.538E+07  9.453E+06
  244.0  1.434E+09  9.052E+08  6.308E+07  9.407E+06
  245.0  1.407E+09  8.772E+08  6.086E+07  9.362E+06
  246.0  1.381E+09  8.501E+08  5.872E+07  9.317E+06
  247.0  1.355E+09  8.239E+08  5.666E+07  9.272E+06
  248.0  1.330E+09  7.985E+08  5.468E+07  9.227E+06
  249.0  1.305E+09  7.740E+08  5.277E+07  9.183E+06
  250.0  1.281E+09  7.502E+08  5.092E+07  9.140E+06
  251.0  1.257E+09  7.272E+08  4.915E+07  9.096E+06
  252.0  1.234E+09  7.050E+08  4.744E+07  9.053E+06
  253.0  1.211E+09  6.834E+08  4.579E+07  9.011E+06
  254.0  1.189E+09  6.625E+08  4.420E+07  8.968E+06
  255.0  1.167E+09  6.423E+08  4.266E+07  8.926E+06
  256.0  1.146E+09  6.228E+08  4.119E+07  8.884E+06
  257.0  1.125E+09  6.038E+08  3.976E+07  8.843E+06
  258.0  1.104E+09  5.855E+08  3.839E+07  8.802E+06
  259.0  1.084E+09  5.678E+08  3.706E+07  8.761E+06
  260.0  1.064E+09  5.506E+08  3.579E+07  8.720E+06
  261.0  1.045E+09  5.339E+08  3.455E+07  8.680E+06
  262.0  1.026E+09  5.178E+08  3.337E+07  8.640E+06
  263.0  1.008E+09  5.021E+08  3.222E+07  8.600E+06
  264.0  9.893E+08  4.870E+08  3.111E+07  8.561E+06
  265.0  9.715E+08  4.723E+08  3.005E+07  8.522E+06
  266.0  9.541E+08  4.581E+08  2.902E+07  8.483E+06
  267.0  9.370E+08  4.444E+08  2.803E+07  8.444E+06
  268.0  9.202E+08  4.310E+08  2.707E+07  8.406E+06
  269.0  9.037E+08  4.181E+08  2.614E+07  8.367E+06
  270.0  8.876E+08  4.056E+08  2.525E+07  8.330E+06
  271.0  8.718E+08  3.934E+08  2.439E+07  8.292E+06
  272.0  8.563E+08  3.817E+08  2.356E+07  8.255E+06
  273.0  8.411E+08  3.703E+08  2.276E+07  8.217E+06
  274.0  8.262E+08  3.592E+08  2.199E+07  8.180E+06
  275.0  8.116E+08  3.485E+08  2.124E+07  8.144E+06
  276.0  7.972E+08  3.382E+08  2.052E+07  8.107E+06
  277.0  7.831E+08  3.281E+08  1.983E+07  8.071E+06
  278.0  7.693E+08  3.183E+08  1.916E+07  8.035E+06
  279.0  7.558E+08  3.089E+08  1.851E+07  7.999E+06
  280.0  7.425E+08  2.997E+08  1.788E+07  7.964E+06
  281.0  7.295E+08  2.908E+08  1.728E+07  7.928E+06
  282.0  7.167E+08  2.822E+08  1.670E+07  7.893E+06
  283.0  7.042E+08  2.739E+08  1.613E+07  7.858E+06
  284.0  6.919E+08  2.658E+08  1.559E+07  7.823E+06
  285.0  6.798E+08  2.579E+08  1.507E+07  7.789E+06
  286.0  6.679E+08  2.503E+08  1.456E+07  7.755E+06
  287.0  6.563E+08  2.429E+08  1.407E+07  7.721E+06
  288.0  6.449E+08  2.358E+08  1.360E+07  7.687E+06
  289.0  6.337E+08  2.288E+08  1.314E+07  7.653E+06
  290.0  6.227E+08  2.221E+08  1.270E+07  7.619E+06
  291.0  6.119E+08  2.156E+08  1.228E+07  7.586E+06
  292.0  6.013E+08  2.092E+08  1.186E+07  7.553E+06
  293.0  5.909E+08  2.031E+08  1.147E+07  7.520E+06
  294.0  5.807E+08  1.971E+08  1.108E+07  7.487E+06
  295.0  5.707E+08  1.914E+08  1.071E+07  7.455E+06
  296.0  5.609E+08  1.858E+08  1.036E+07  7.422E+06
  297.0  5.513E+08  1.803E+08  1.001E+07  7.390E+06
  298.0  5.418E+08  1.750E+08  9.678E+06  7.358E+06
  299.0  5.325E+08  1.699E+08  9.355E+06  7.326E+06
  300.0  5.233E+08  1.650E+08  9.044E+06  7.295E+06
  301.0  5.143E+08  1.601E+08  8.743E+06  7.263E+06
  302.0  5.055E+08  1.555E+08  8.452E+06  7.232E+06
  303.0  4.969E+08  1.509E+08  8.171E+06  7.201E+06
  304.0  4.884E+08  1.465E+08  7.900E+06  7.170E+06
  305.0  4.800E+08  1.423E+08  7.638E+06  7.139E+06
  306.0  4.719E+08  1.381E+08  7.385E+06  7.108E+06
  307.0  4.638E+08  1.341E+08  7.140E+06  7.078E+06
  308.0  4.559E+08  1.302E+08  6.903E+06  7.047E+06
  309.0  4.482E+08  1.264E+08  6.675E+06  7.017E+06
  310.0  4.406E+08  1.228E+08  6.454E+06  6.987E+06
  311.0  4.331E+08  1.192E+08  6.240E+06  6.957E+06
  312.0  4.258E+08  1.157E+08  6.034E+06  6.928E+06
  313.0  4.186E+08  1.124E+08  5.835E+06  6.898E+06
  314.0  4.115E+08  1.091E+08  5.642E+06  6.869E+06
  315.0  4.045E+08  1.060E+08  5.456E+06  6.839E+06
  316.0  3.977E+08  1.029E+08  5.276E+06  6.810E+06
  317.0  3.910E+08  9.993E+07  5.102E+06  6.781E+06
  318.0  3.844E+08  9.704E+07  4.934E+06  6.753E+06
  319.0  3.779E+08  9.423E+07  4.772E+06  6.724E+06
  320.0  3.715E+08  9.151E+07  4.615E+06  6.695E+06
  321.0  3.653E+08  8.887E+07  4.463E+06  6.667E+06
  322.0  3.591E+08  8.631E+07  4.316E+06  6.639E+06
  323.0  3.531E+08  8.382E+07  4.174E+06  6.611E+06
  324.0  3.472E+08  8.141E+07  4.037E+06  6.583E+06
  325.0  3.414E+08  7.906E+07  3.905E+06  6.555E+06
  326.0  3.356E+08  7.679E+07  3.776E+06  6.528E+06
  327.0  3.300E+08  7.458E+07  3.653E+06  6.500E+06
  328.0  3.245E+08  7.243E+07  3.533E+06  6.473E+06
  329.0  3.191E+08  7.035E+07  3.417E+06  6.445E+06
  330.0  3.137E+08  6.833E+07  3.305E+06  6.418E+06
  331.0  3.085E+08  6.637E+07  3.197E+06  6.391E+06
  332.0  3.034E+08  6.446E+07  3.092E+06  6.365E+06
  333.0  2.983E+08  6.261E+07  2.991E+06  6.338E+06
  334.0  2.933E+08  6.082E+07  2.893E+06  6.311E+06
  335.0  2.884E+08  5.907E+07  2.799E+06  6.285E+06
  336.0  2.836E+08  5.738E+07  2.708E+06  6.259E+06
  337.0  2.789E+08  5.574E+07  2.619E+06  6.232E+06
  338.0  2.743E+08  5.414E+07  2.534E+06  6.206E+06
  339.0  2.697E+08  5.259E+07  2.451E+06  6.180E+06
  340.0  2.653E+08  5.109E+07  2.371E+06  6.155E+06
  341.0  2.608E+08  4.963E+07  2.294E+06  6.129E+06
  342.0  2.565E+08  4.821E+07  2.219E+06  6.103E+06
  343.0  2.523E+08  4.683E+07  2.147E+06  6.078E+06
  344.0  2.481E+08  4.550E+07  2.077E+06  6.053E+06
  345.0  2.440E+08  4.420E+07  2.009E+06  6.027E+06
  346.0  2.400E+08  4.294E+07  1.944E+06  6.002E+06
  347.0  2.360E+08  4.171E+07  1.881E+06  5.977E+06
  348.0  2.321E+08  4.053E+07  1.820E+06  5.953E+06
  349.0  2.283E+08  3.937E+07  1.761E+06  5.928E+06
  350.0  2.245E+08  3.825E+07  1.703E+06  5.903E+06
  351.0  2.208E+08  3.716E+07  1.648E+06  5.879E+06
  352.0  2.171E+08  3.610E+07  1.595E+06  5.854E+06
  353.0  2.136E+08  3.508E+07  1.543E+06  5.830E+06
  354.0  2.101E+08  3.408E+07  1.493E+06  5.806E+06
  355.0  2.066E+08  3.311E+07  1.445E+06  5.782E+06
  356.0  2.032E+08  3.217E+07  1.398E+06  5.758E+06
  357.0  1.999E+08  3.126E+07  1.353E+06  5.734E+06
  358.0  1.966E+08  3.037E+07  1.309E+06  5.711E+06
  359.0  1.933E+08  2.951E+07  1.266E+06  5.687E+06
  360.0  1.902E+08  2.867E+07  1.225E+06  5.664E+06
  361.0  1.870E+08  2.786E+07  1.186E+06  5.640E+06
  362.0  1.840E+08  2.707E+07  1.148E+06  5.617E+06
  363.0  1.810E+08  2.630E+07  1.110E+06  5.594E+06
  364.0  1.780E+08  2.556E+07  1.075E+06  5.571E+06
  365.0  1.751E+08  2.483E+07  1.040E+06  5.548E+06
  366.0  1.722E+08  2.413E+07  1.006E+06  5.525E+06
  367.0  1.694E+08  2.345E+07  9.739E+05  5.502E+06
  368.0  1.666E+08  2.279E+07  9.425E+05  5.480E+06
  369.0  1.639E+08  2.214E+07  9.121E+05  5.457E+06
  370.0  1.612E+08  2.152E+07  8.827E+05  5.435E+06
  371.0  1.586E+08  2.091E+07  8.543E+05  5.412E+06
  372.0  1.560E+08  2.032E+07  8.268E+05  5.390E+06
  373.0  1.535E+08  1.974E+07  8.002E+05  5.368E+06
  374.0  1.510E+08  1.919E+07  7.744E+05  5.346E+06
  375.0  1.485E+08  1.865E+07  7.495E+05  5.324E+06
  376.0  1.461E+08  1.812E+07  7.254E+05  5.302E+06
  377.0  1.437E+08  1.761E+07  7.021E+05  5.281E+06
  378.0  1.414E+08  1.711E+07  6.795E+05  5.259E+06
  379.0  1.391E+08  1.663E+07  6.577E+05  5.238E+06
  380.0  1.368E+08  1.616E+07  6.366E+05  5.216E+06
  381.0  1.346E+08  1.571E+07  6.162E+05  5.195E+06
  382.0  1.324E+08  1.527E+07  5.964E+05  5.174E+06
  383.0  1.303E+08  1.484E+07  5.773E+05  5.153E+06
  384.0  1.281E+08  1.442E+07  5.588E+05  5.132E+06
  385.0  1.261E+08  1.401E+07  5.409E+05  5.111E+06
  386.0  1.240E+08  1.362E+07  5.235E+05  5.090E+06
  387.0  1.220E+08  1.324E+07  5.068E+05  5.069E+06
  388.0  1.200E+08  1.287E+07  4.905E+05  5.048E+06
  389.0  1.181E+08  1.251E+07  4.748E+05  5.028E+06
  390.0  1.162E+08  1.215E+07  4.596E+05  5.007E+06
  391.0  1.143E+08  1.181E+07  4.449E+05  4.987E+06
  392.0  1.124E+08  1.148E+07  4.307E+05  4.967E+06
  393.0  1.106E+08  1.116E+07  4.169E+05  4.947E+06
  394.0  1.088E+08  1.085E+07  4.036E+05  4.927E+06
  395.0  1.071E+08  1.054E+07  3.907E+05  4.906E+06
  396.0  1.053E+08  1.025E+07  3.782E+05  4.887E+06
  397.0  1.036E+08  9.962E+06  3.662E+05  4.867E+06
  398.0  1.020E+08  9.683E+06  3.545E+05  4.847E+06
  399.0  1.003E+08  9.412E+06  3.432E+05  4.827E+06
  400.0  9.871E+07  9.149E+06  3.322E+05  4.808E+06
  401.0  9.692E+07  8.893E+06  3.216E+05  4.788E+06
  402.0  9.536E+07  8.645E+06  3.114E+05  4.769E+06
  403.0  9.383E+07  8.403E+06  3.015E+05  4.750E+06
  404.0  9.232E+07  8.169E+06  2.919E+05  4.730E+06
  405.0  9.084E+07  7.940E+06  2.826E+05  4.711E+06
  406.0  8.938E+07  7.719E+06  2.736E+05  4.692E+06
  407.0  8.795E+07  7.504E+06  2.649E+05  4.673E+06
  408.0  8.654E+07  7.294E+06  2.564E+05  4.654E+06
  409.0  8.515E+07  7.091E+06  2.483E+05  4.636E+06
  410.0  8.378E+07  6.893E+06  2.404E+05  4.617E+06
  411.0  8.244E+07  6.701E+06  2.328E+05  4.598E+06
  412.0  8.112E+07  6.514E+06  2.254E+05  4.580E+06
  413.0  7.982E+07  6.333E+06  2.182E+05  4.561E+06
  414.0  7.854E+07  6.157E+06  2.113E+05  4.543E+06
  415.0  7.729E+07  5.985E+06  2.046E+05  4.524E+06
  416.0  7.605E+07  5.819E+06  1.981E+05  4.506E+06
  417.0  7.483E+07  5.657E+06  1.918E+05  4.488E+06
  418.0  7.364E+07  5.500E+06  1.857E+05  4.470E+06
  419.0  7.246E+07  5.347E+06  1.798E+05  4.452E+06
  420.0  7.130E+07  5.198E+06  1.741E+05  4.434E+06
  421.0  7.016E+07  5.054E+06  1.686E+05  4.416E+06
  422.0  6.904E+07  4.914E+06  1.633E+05  4.398E+06
  423.0  6.794E+07  4.777E+06  1.581E+05  4.381E+06
  424.0  6.686E+07  4.645E+06  1.531E+05  4.363E+06
  425.0  6.579E+07  4.516E+06  1.483E+05  4.346E+06
  426.0  6.474E+07  4.391E+06  1.436E+05  4.328E+06
  427.0  6.371E+07  4.269E+06  1.390E+05  4.311E+06
  428.0  6.269E+07  4.151E+06  1.346E+05  4.294E+06
  429.0  6.169E+07  4.036E+06  1.304E+05  4.276E+06
  430.0  6.071E+07  3.924E+06  1.263E+05  4.259E+06
  431.0  5.975E+07  3.815E+06  1.223E+05  4.242E+06
  432.0  5.879E+07  3.710E+06  1.184E+05  4.225E+06
  433.0  5.786E+07  3.607E+06  1.147E+05  4.208E+06
  434.0  5.694E+07  3.507E+06  1.111E+05  4.191E+06
  435.0  5.603E+07  3.410E+06  1.076E+05  4.175E+06
  436.0  5.514E+07  3.316E+06  1.042E+05  4.158E+06
  437.0  5.427E+07  3.224E+06  1.009E+05  4.141E+06
  438.0  5.340E+07  3.135E+06  9.770E+04  4.125E+06
  439.0  5.256E+07  3.048E+06  9.462E+04  4.108E+06
  440.0  5.172E+07  2.964E+06  9.164E+04  4.092E+06
  441.0  5.090E+07  2.882E+06  8.876E+04  4.075E+06
  442.0  5.009E+07  2.803E+06  8.597E+04  4.059E+06
  443.0  4.930E+07  2.726E+06  8.326E+04  4.043E+06
  444.0  4.852E+07  2.650E+06  8.064E+04  4.027E+06
  445.0  4.775E+07  2.577E+06  7.811E+04  4.011E+06
  446.0  4.699E+07  2.506E+06  7.565E+04  3.995E+06
  447.0  4.625E+07  2.437E+06  7.327E+04  3.979E+06
  448.0  4.551E+07  2.370E+06  7.097E+04  3.963E+06
  449.0  4.479E+07  2.305E+06  6.874E+04  3.947E+06
  450.0  4.408E+07  2.241E+06  6.658E+04  3.931E+06
  451.0  4.339E+07  2.180E+06  6.449E+04  3.916E+06
  452.0  4.270E+07  2.120E+06  6.247E+04  3.900E+06
  453.0  4.202E+07  2.061E+06  6.051E+04  3.885E+06
  454.0  4.136E+07  2.005E+06  5.861E+04  3.869E+06
  455.0  4.071E+07  1.950E+06  5.677E+04  3.854E+06
  456.0  4.006E+07  1.896E+06  5.499E+04  3.839E+06
  457.0  3.943E+07  1.844E+06  5.327E+04  3.823E+06
  458.0  3.881E+07  1.793E+06  5.160E+04  3.808E+06
  459.0  3.820E+07  1.744E+06  4.999E+04  3.793E+06
  460.0  3.759E+07  1.696E+06  4.842E+04  3.778E+06
  461.0  3.700E+07  1.650E+06  4.691E+04  3.763E+06
  462.0  3.642E+07  1.604E+06  4.544E+04  3.748E+06
  463.0  3.584E+07  1.560E+06  4.402E+04  3.733E+06
  464.0  3.528E+07  1.518E+06  4.264E+04  3.718E+06
  465.0  3.472E+07  1.476E+06  4.131E+04  3.704E+06
  466.0  3.417E+07  1.436E+06  4.002E+04  3.689E+06
  467.0  3.364E+07  1.396E+06  3.877E+04  3.674E+06
  468.0  3.311E+07  1.358E+06  3.756E+04  3.660E+06
  469.0  3.259E+07  1.321E+06  3.638E+04  3.645E+06
  470.0  3.207E+07  1.285E+06  3.525E+04  3.631E+06
  471.0  3.157E+07  1.250E+06  3.415E+04  3.616E+06
  472.0  3.107E+07  1.215E+06  3.308E+04  3.602E+06
  473.0  3.058E+07  1.182E+06  3.205E+04  3.588E+06
  474.0  3.010E+07  1.150E+06  3.105E+04  3.574E+06
  475.0  2.963E+07  1.118E+06  3.008E+04  3.560E+06
  476.0  2.917E+07  1.088E+06  2.915E+04  3.545E+06
  477.0  2.871E+07  1.058E+06  2.824E+04  3.531E+06
  478.0  2.826E+07  1.029E+06  2.736E+04  3.518E+06
  479.0  2.781E+07  1.001E+06  2.651E+04  3.504E+06
  480.0  2.738E+07  9.739E+05  2.568E+04  3.490E+06
  481.0  2.695E+07  9.473E+05  2.488E+04  3.476E+06
  482.0  2.653E+07  9.215E+05  2.411E+04  3.462E+06
  483.0  2.611E+07  8.964E+05  2.336E+04  3.449E+06
  484.0  2.570E+07  8.719E+05  2.263E+04  3.435E+06
  485.0  2.530E+07  8.482E+05  2.193E+04  3.422E+06
  486.0  2.490E+07  8.251E+05  2.125E+04  3.408E+06
  487.0  2.451E+07  8.026E+05  2.059E+04  3.395E+06
  488.0  2.413E+07  7.808E+05  1.995E+04  3.381E+06
  489.0  2.375E+07  7.595E+05  1.933E+04  3.368E+06
  490.0  2.338E+07  7.389E+05  1.873E+04  3.355E+06
  491.0  2.301E+07  7.188E+05  1.815E+04  3.342E+06
  492.0  2.265E+07  6.992E+05  1.759E+04  3.328E+06
  493.0  2.230E+07  6.802E+05  1.704E+04  3.315E+06
  494.0  2.195E+07  6.617E+05  1.651E+04  3.302E+06
  495.0  2.161E+07  6.438E+05  1.600E+04  3.289E+06
  496.0  2.127E+07  6.263E+05  1.551E+04  3.276E+06
  497.0  2.094E+07  6.093E+05  1.503E+04  3.264E+06
  498.0  2.061E+07  5.927E+05  1.456E+04  3.251E+06
  499.0  2.029E+07  5.767E+05  1.411E+04  3.238E+06
  500.0  1.998E+07  5.610E+05  1.367E+04  3.225E+06
  501.0  1.966E+07  5.458E+05  1.325E+04  3.213E+06
  502.0  1.936E+07  5.310E+05  1.284E+04  3.200E+06
  503.0  1.906E+07  5.166E+05  1.244E+04  3.188E+06
  504.0  1.876E+07  5.026E+05  1.206E+04  3.175E+06
  505.0  1.847E+07  4.890E+05  1.169E+04  3.163E+06
  506.0  1.818E+07  4.758E+05  1.133E+04  3.150E+06
  507.0  1.790E+07  4.629E+05  1.098E+04  3.138E+06
  508.0  1.762E+07  4.504E+05  1.064E+04  3.126E+06
  509.0  1.734E+07  4.382E+05  1.031E+04  3.113E+06
  510.0  1.707E+07  4.263E+05  9.991E+03  3.101E+06
  511.0  1.681E+07  4.148E+05  9.683E+03  3.089E+06
  512.0  1.655E+07  4.036E+05  9.385E+03  3.077E+06
  513.0  1.629E+07  3.927E+05  9.095E+03  3.065E+06
  514.0  1.604E+07  3.821E+05  8.815E+03  3.053E+06
  515.0  1.579E+07  3.717E+05  8.544E+03  3.041E+06
  516.0  1.554E+07  3.617E+05  8.280E+03  3.029E+06
  517.0  1.530E+07  3.519E+05  8.026E+03  3.017E+06
  518.0  1.507E+07  3.424E+05  7.778E+03  3.006E+06
  519.0  1.483E+07  3.332E+05  7.539E+03  2.994E+06
  520.0  1.460E+07  3.242E+05  7.307E+03  2.982E+06
  521.0  1.438E+07  3.155E+05  7.083E+03  2.971E+06
  522.0  1.415E+07  3.070E+05  6.865E+03  2.959E+06
  523.0  1.393E+07  2.987E+05  6.654E+03  2.948E+06
  524.0  1.372E+07  2.907E+05  6.449E+03  2.936E+06
  525.0  1.351E+07  2.828E+05  6.251E+03  2.925E+06
  526.0  1.330E+07  2.752E+05  6.059E+03  2.913E+06
  527.0  1.309E+07  2.678E+05  5.873E+03  2.902E+06
  528.0  1.289E+07  2.606E+05  5.693E+03  2.891E+06
  529.0  1.269E+07  2.536E+05  5.518E+03  2.879E+06
  530.0  1.249E+07  2.468E+05  5.349E+03  2.868E+06
  531.0  1.230E+07  2.401E+05  5.185E+03  2.857E+06
  532.0  1.211E+07  2.337E+05  5.026E+03  2.846E+06
  533.0  1.192E+07  2.274E+05  4.872E+03  2.835E+06
  534.0  1.174E+07  2.213E+05  4.723E+03  2.824E+06
  535.0  1.156E+07  2.154E+05  4.578E+03  2.813E+06
  536.0  1.138E+07  2.096E+05  4.438E+03  2.802E+06
  537.0  1.120E+07  2.040E+05  4.302E+03  2.791E+06
  538.0  1.103E+07  1.985E+05  4.170E+03  2.780E+06
  539.0  1.086E+07  1.932E+05  4.043E+03  2.770E+06
  540.0  1.069E+07  1.880E+05  3.919E+03  2.759E+06
  541.0  1.053E+07  1.829E+05  3.799E+03  2.748E+06
  542.0  1.037E+07  1.780E+05  3.683E+03  2.737E+06
  543.0  1.021E+07  1.733E+05  3.571E+03  2.727E+06
  544.0  1.005E+07  1.686E+05  3.462E+03  2.716E+06
  545.0  9.895E+06  1.641E+05  3.356E+03  2.706E+06
  546.0  9.743E+06  1.597E+05  3.253E+03  2.695E+06
  547.0  9.593E+06  1.554E+05  3.154E+03  2.685E+06
  548.0  9.446E+06  1.513E+05  3.058E+03  2.675E+06
  549.0  9.301E+06  1.472E+05  2.965E+03  2.664E+06
  550.0  9.158E+06  1.433E+05  2.874E+03  2.654E+06
  551.0  9.017E+06  1.395E+05  2.787E+03  2.644E+06
  552.0  8.879E+06  1.357E+05  2.702E+03  2.633E+06
  553.0  8.742E+06  1.321E+05  2.619E+03  2.623E+06
  554.0  8.608E+06  1.286E+05  2.539E+03  2.613E+06
  555.0  8.476E+06  1.252E+05  2.462E+03  2.603E+06
  556.0  8.346E+06  1.218E+05  2.387E+03  2.593E+06
  557.0  8.218E+06  1.186E+05  2.315E+03  2.583E+06
  558.0  8.092E+06  1.154E+05  2.244E+03  2.573E+06
  559.0  7.968E+06  1.123E+05  2.176E+03  2.563E+06
  560.0  7.846E+06  1.093E+05  2.110E+03  2.553E+06
  561.0  7.726E+06  1.064E+05  2.046E+03  2.543E+06
  562.0  7.607E+06  1.036E+05  1.983E+03  2.534E+06
  563.0  7.491E+06  1.008E+05  1.923E+03  2.524E+06
  564.0  7.376E+06  9.814E+04  1.865E+03  2.514E+06
  565.0  7.263E+06  9.553E+04  1.808E+03  2.504E+06
  566.0  7.152E+06  9.298E+04  1.753E+03  2.495E+06
  567.0  7.043E+06  9.051E+04  1.700E+03  2.485E+06
  568.0  6.935E+06  8.810E+04  1.648E+03  2.476E+06
  569.0  6.829E+06  8.576E+04  1.598E+03  2.466E+06
  570.0  6.725E+06  8.348E+04  1.550E+03  2.457E+06
  571.0  6.622E+06  8.126E+04  1.503E+03  2.447E+06
  572.0  6.521E+06  7.910E+04  1.457E+03  2.438E+06
  573.0  6.421E+06  7.700E+04  1.413E+03  2.429E+06
  574.0  6.323E+06  7.496E+04  1.370E+03  2.419E+06
  575.0  6.227E+06  7.297E+04  1.329E+03  2.410E+06
  576.0  6.132E+06  7.103E+04  1.289E+03  2.401E+06
  577.0  6.038E+06  6.914E+04  1.250E+03  2.391E+06
  578.0  5.946E+06  6.731E+04  1.212E+03  2.382E+06
  579.0  5.856E+06  6.553E+04  1.175E+03  2.373E+06
  580.0  5.767E+06  6.379E+04  1.140E+03  2.364E+06
  581.0  5.679E+06  6.210E+04  1.105E+03  2.355E+06
  582.0  5.592E+06  6.045E+04  1.072E+03  2.346E+06
  583.0  5.507E+06  5.885E+04  1.039E+03  2.337E+06
  584.0  5.423E+06  5.729E+04  1.008E+03  2.328E+06
  585.0  5.341E+06  5.578E+04  9.776E+02  2.319E+06
  586.0  5.260E+06  5.430E+04  9.481E+02  2.310E+06
  587.0  5.180E+06  5.286E+04  9.195E+02  2.301E+06
  588.0  5.101E+06  5.147E+04  8.917E+02  2.293E+06
  589.0  5.023E+06  5.010E+04  8.648E+02  2.284E+06
  590.0  4.947E+06  4.878E+04  8.388E+02  2.275E+06
  591.0  4.872E+06  4.749E+04  8.135E+02  2.267E+06
  592.0  4.798E+06  4.624E+04  7.890E+02  2.258E+06
  593.0  4.725E+06  4.502E+04  7.652E+02  2.249E+06
  594.0  4.653E+06  4.383E+04  7.422E+02  2.241E+06
  595.0  4.583E+06  4.267E+04  7.198E+02  2.232E+06
  596.0  4.513E+06  4.154E+04  6.981E+02  2.224E+06
  597.0  4.445E+06  4.045E+04  6.771E+02  2.215E+06
  598.0  4.378E+06  3.938E+04  6.568E+02  2.207E+06
  599.0  4.311E+06  3.834E+04  6.370E+02  2.198E+06
  600.0  4.246E+06  3.733E+04  6.179E+02  2.190E+06
  601.0  4.182E+06  3.635E+04  5.993E+02  2.182E+06
  602.0  4.118E+06  3.539E+04  5.813E+02  2.173E+06
  603.0  4.056E+06  3.446E+04  5.638E+02  2.165E+06
  604.0  3.995E+06  3.355E+04  5.469E+02  2.157E+06
  605.0  3.934E+06  3.267E+04  5.305E+02  2.149E+06
  606.0  3.875E+06  3.181E+04  5.145E+02  2.140E+06
  607.0  3.816E+06  3.097E+04  4.991E+02  2.132E+06
  608.0  3.758E+06  3.016E+04  4.841E+02  2.124E+06
  609.0  3.702E+06  2.936E+04  4.696E+02  2.116E+06
  610.0  3.646E+06  2.859E+04  4.555E+02  2.108E+06
  611.0  3.591E+06  2.784E+04  4.419E+02  2.100E+06
  612.0  3.536E+06  2.711E+04  4.286E+02  2.092E+06
  613.0  3.483E+06  2.640E+04  4.158E+02  2.084E+06
  614.0  3.431E+06  2.571E+04  4.033E+02  2.076E+06
  615.0  3.379E+06  2.503E+04  3.913E+02  2.068E+06
  616.0  3.328E+06  2.437E+04  3.796E+02  2.061E+06
  617.0  3.278E+06  2.373E+04  3.682E+02  2.053E+06
  618.0  3.228E+06  2.311E+04  3.572E+02  2.045E+06
  619.0  3.180E+06  2.251E+04  3.465E+02  2.037E+06
  620.0  3.132E+06  2.192E+04  3.361E+02  2.029E+06
  621.0  3.085E+06  2.134E+04  3.261E+02  2.022E+06
  622.0  3.038E+06  2.078E+04  3.163E+02  2.014E+06
  623.0  2.992E+06  2.024E+04  3.069E+02  2.006E+06
  624.0  2.947E+06  1.971E+04  2.977E+02  1.999E+06
  625.0  2.903E+06  1.919E+04  2.888E+02  1.991E+06
  626.0  2.859E+06  1.869E+04  2.802E+02  1.984E+06
  627.0  2.816E+06  1.820E+04  2.719E+02  1.976E+06
  628.0  2.774E+06  1.773E+04  2.638E+02  1.969E+06
  629.0  2.732E+06  1.726E+04  2.559E+02  1.961E+06
  630.0  2.691E+06  1.681E+04  2.483E+02  1.954E+06
  631.0  2.651E+06  1.637E+04  2.409E+02  1.947E+06
  632.0  2.611E+06  1.594E+04  2.337E+02  1.939E+06
  633.0  2.572E+06  1.553E+04  2.267E+02  1.932E+06
  634.0  2.533E+06  1.512E+04  2.200E+02  1.925E+06
  635.0  2.495E+06  1.473E+04  2.134E+02  1.917E+06
  636.0  2.458E+06  1.434E+04  2.071E+02  1.910E+06
  637.0  2.421E+06  1.397E+04  2.009E+02  1.903E+06
  638.0  2.385E+06  1.361E+04  1.949E+02  1.896E+06
  639.0  2.349E+06  1.325E+04  1.891E+02  1.889E+06
  640.0  2.314E+06  1.291E+04  1.835E+02  1.882E+06
  641.0  2.279E+06  1.257E+04  1.781E+02  1.874E+06
  642.0  2.245E+06  1.224E+04  1.728E+02  1.867E+06
  643.0  2.212E+06  1.192E+04  1.676E+02  1.860E+06
  644.0  2.179E+06  1.161E+04  1.627E+02  1.853E+06
  645.0  2.146E+06  1.131E+04  1.578E+02  1.846E+06
  646.0  2.114E+06  1.102E+04  1.531E+02  1.840E+06
  647.0  2.082E+06  1.073E+04  1.486E+02  1.833E+06
  648.0  2.051E+06  1.045E+04  1.442E+02  1.826E+06
  649.0  2.020E+06  1.018E+04  1.399E+02  1.819E+06
  650.0  1.990E+06  9.914E+03  1.358E+02  1.812E+06
  651.0  1.961E+06  9.656E+03  1.317E+02  1.805E+06
  652.0  1.931E+06  9.406E+03  1.278E+02  1.798E+06
  653.0  1.903E+06  9.161E+03  1.241E+02  1.792E+06
  654.0  1.874E+06  8.924E+03  1.204E+02  1.785E+06
  655.0  1.846E+06  8.692E+03  1.168E+02  1.778E+06
  656.0  1.819E+06  8.466E+03  1.134E+02  1.772E+06
  657.0  1.792E+06  8.247E+03  1.100E+02  1.765E+06
  658.0  1.765E+06  8.033E+03  1.067E+02  1.758E+06
  659.0  1.739E+06  7.825E+03  1.036E+02  1.752E+06
  660.0  1.713E+06  7.622E+03  1.005E+02  1.745E+06
  661.0  1.687E+06  7.424E+03  9.756E+01  1.739E+06
  662.0  1.662E+06  7.232E+03  9.468E+01  1.732E+06
  663.0  1.637E+06  7.045E+03  9.188E+01  1.726E+06
  664.0  1.613E+06  6.862E+03  8.917E+01  1.719E+06
  665.0  1.589E+06  6.685E+03  8.653E+01  1.713E+06
  666.0  1.565E+06  6.512E+03  8.398E+01  1.706E+06
  667.0  1.542E+06  6.343E+03  8.150E+01  1.700E+06
  668.0  1.519E+06  6.179E+03  7.910E+01  1.694E+06
  669.0  1.497E+06  6.020E+03  7.677E+01  1.687E+06
  670.0  1.474E+06  5.864E+03  7.450E+01  1.681E+06
  671.0  1.452E+06  5.713E+03  7.231E+01  1.675E+06
  672.0  1.431E+06  5.565E+03  7.018E+01  1.669E+06
  673.0  1.410E+06  5.421E+03  6.811E+01  1.662E+06
  674.0  1.389E+06  5.281E+03  6.610E+01  1.656E+06
  675.0  1.368E+06  5.145E+03  6.416E+01  1.650E+06
  676.0  1.348E+06  5.012E+03  6.227E+01  1.644E+06
  677.0  1.328E+06  4.883E+03  6.044E+01  1.638E+06
  678.0  1.308E+06  4.757E+03  5.866E+01  1.632E+06
  679.0  1.289E+06  4.635E+03  5.693E+01  1.625E+06
  680.0  1.270E+06  4.515E+03  5.526E+01  1.619E+06
  681.0  1.251E+06  4.399E+03  5.364E+01  1.613E+06
  682.0  1.232E+06  4.285E+03  5.206E+01  1.607E+06
  683.0  1.214E+06  4.175E+03  5.053E+01  1.601E+06
  684.0  1.196E+06  4.068E+03  4.905E+01  1.595E+06
  685.0  1.179E+06  3.963E+03  4.761E+01  1.590E+06
  686.0  1.161E+06  3.861E+03  4.621E+01  1.584E+06
  687.0  1.144E+06  3.762E+03  4.485E+01  1.578E+06
  688.0  1.127E+06  3.665E+03  4.354E+01  1.572E+06
  689.0  1.110E+06  3.571E+03  4.226E+01  1.566E+06
  690.0  1.094E+06  3.479E+03  4.102E+01  1.560E+06
  691.0  1.078E+06  3.390E+03  3.982E+01  1.554E+06
  692.0  1.062E+06  3.303E+03  3.865E+01  1.549E+06
  693.0  1.046E+06  3.218E+03  3.752E+01  1.543E+06
  694.0  1.031E+06  3.135E+03  3.642E+01  1.537E+06
  695.0  1.016E+06  3.055E+03  3.536E+01  1.532E+06
  696.0  1.001E+06  2.976E+03  3.432E+01  1.526E+06
  697.0  9.860E+05  2.900E+03  3.332E+01  1.520E+06
  698.0  9.714E+05  2.826E+03  3.234E+01  1.515E+06
  699.0  9.571E+05  2.753E+03  3.140E+01  1.509E+06
  700.0  9.430E+05  2.683E+03  3.048E+01  1.503E+06
  701.0  9.291E+05  2.614E+03  2.959E+01  1.498E+06
  702.0  9.155E+05  2.547E+03  2.872E+01  1.492E+06
  703.0  9.020E+05  2.482E+03  2.788E+01  1.487E+06
  704.0  8.887E+05  2.418E+03  2.707E+01  1.481E+06
  705.0  8.757E+05  2.356E+03  2.628E+01  1.476E+06
  706.0  8.628E+05  2.296E+03  2.551E+01  1.470E+06
  707.0  8.501E+05  2.237E+03  2.477E+01  1.465E+06
  708.0  8.376E+05  2.180E+03  2.405E+01  1.459E+06
  709.0  8.253E+05  2.124E+03  2.335E+01  1.454E+06
  710.0  8.132E+05  2.070E+03  2.266E+01  1.449E+06
  711.0  8.013E+05  2.017E+03  2.200E+01  1.443E+06
  712.0  7.895E+05  1.966E+03  2.136E+01  1.438E+06
  713.0  7.779E+05  1.915E+03  2.074E+01  1.433E+06
  714.0  7.665E+05  1.867E+03  2.014E+01  1.427E+06
  715.0  7.553E+05  1.819E+03  1.955E+01  1.422E+06
  716.0  7.442E+05  1.773E+03  1.898E+01  1.417E+06
  717.0  7.333E+05  1.727E+03  1.843E+01  1.412E+06
  718.0  7.225E+05  1.683E+03  1.789E+01  1.407E+06
  719.0  7.120E+05  1.640E+03  1.737E+01  1.401E+06
  720.0  7.015E+05  1.599E+03  1.687E+01  1.396E+06
  721.0  6.913E+05  1.558E+03  1.638E+01  1.391E+06
  722.0  6.811E+05  1.518E+03  1.590E+01  1.386E+06
  723.0  6.712E+05  1.479E+03  1.544E+01  1.381E+06
  724.0  6.614E+05  1.442E+03  1.499E+01  1.376E+06
  725.0  6.517E+05  1.405E+03  1.456E+01  1.371E+06
  726.0  6.422E+05  1.369E+03  1.413E+01  1.366E+06
  727.0  6.328E+05  1.335E+03  1.372E+01  1.361E+06
  728.0  6.235E+05  1.301E+03  1.333E+01  1.356E+06
  729.0  6.144E+05  1.268E+03  1.294E+01  1.351E+06
  730.0  6.055E+05  1.235E+03  1.256E+01  1.346E+06
  731.0  5.966E+05  1.204E+03  1.220E+01  1.341E+06
  732.0  5.879E+05  1.173E+03  1.185E+01  1.336E+06
  733.0  5.793E+05  1.144E+03  1.150E+01  1.331E+06
  734.0  5.709E+05  1.115E+03  1.117E+01  1.326E+06
  735.0  5.626E+05  1.086E+03  1.085E+01  1.321E+06
  736.0  5.544E+05  1.059E+03  1.053E+01  1.316E+06
  737.0  5.463E+05  1.032E+03  1.023E+01  1.312E+06
  738.0  5.383E+05  1.006E+03  9.932E+00  1.307E+06
  739.0  5.305E+05  9.802E+02  9.645E+00  1.302E+06
  740.0  5.228E+05  9.553E+02  9.366E+00  1.297E+06
  741.0  5.151E+05  9.311E+02  9.095E+00  1.292E+06
  742.0  5.076E+05  9.075E+02  8.832E+00  1.288E+06
  743.0  5.003E+05  8.846E+02  8.577E+00  1.283E+06
  744.0  4.930E+05  8.622E+02  8.329E+00  1.278E+06
  745.0  4.858E+05  8.404E+02  8.089E+00  1.274E+06
  746.0  4.788E+05  8.191E+02  7.855E+00  1.269E+06
  747.0  4.718E+05  7.984E+02  7.629E+00  1.264E+06
  748.0  4.649E+05  7.782E+02  7.409E+00  1.260E+06
  749.0  4.582E+05  7.585E+02  7.195E+00  1.255E+06
  750.0  4.515E+05  7.393E+02  6.988E+00  1.251E+06
  751.0  4.450E+05  7.207E+02  6.786E+00  1.246E+06
  752.0  4.385E+05  7.025E+02  6.591E+00  1.241E+06
  753.0  4.322E+05  6.847E+02  6.401E+00  1.237E+06
  754.0  4.259E+05  6.674E+02  6.216E+00  1.232E+06
  755.0  4.197E+05  6.506E+02  6.037E+00  1.228E+06
  756.0  4.136E+05  6.342E+02  5.864E+00  1.223E+06
  757.0  4.076E+05  6.182E+02  5.695E+00  1.219E+06
  758.0  4.017E+05  6.026E+02  5.531E+00  1.215E+06
  759.0  3.959E+05  5.874E+02  5.372E+00  1.210E+06
  760.0  3.902E+05  5.726E+02  5.218E+00  1.206E+06
  761.0  3.845E+05  5.582E+02  5.068E+00  1.201E+06
  762.0  3.790E+05  5.441E+02  4.922E+00  1.197E+06
  763.0  3.735E+05  5.304E+02  4.781E+00  1.193E+06
  764.0  3.681E+05  5.170E+02  4.643E+00  1.188E+06
  765.0  3.628E+05  5.040E+02  4.510E+00  1.184E+06
  766.0  3.575E+05  4.913E+02  4.380E+00  1.180E+06
  767.0  3.523E+05  4.790E+02  4.255E+00  1.175E+06
  768.0  3.472E+05  4.669E+02  4.133E+00  1.171E+06
  769.0  3.422E+05  4.552E+02  4.014E+00  1.167E+06
  770.0  3.373E+05  4.438E+02  3.899E+00  1.163E+06
  771.0  3.324E+05  4.326E+02  3.787E+00  1.158E+06
  772.0  3.276E+05  4.217E+02  3.679E+00  1.154E+06
  773.0  3.229E+05  4.112E+02  3.573E+00  1.150E+06
  774.0  3.182E+05  4.008E+02  3.471E+00  1.146E+06
  775.0  3.137E+05  3.908E+02  3.372E+00  1.142E+06
  776.0  3.091E+05  3.810E+02  3.275E+00  1.138E+06
  777.0  3.047E+05  3.714E+02  3.181E+00  1.133E+06
  778.0  3.003E+05  3.621E+02  3.090E+00  1.129E+06
  779.0  2.960E+05  3.530E+02  3.002E+00  1.125E+06
  780.0  2.917E+05  3.442E+02  2.916E+00  1.121E+06
  781.0  2.875E+05  3.355E+02  2.833E+00  1.117E+06
  782.0  2.834E+05  3.271E+02  2.752E+00  1.113E+06
  783.0  2.793E+05  3.189E+02  2.673E+00  1.109E+06
  784.0  2.753E+05  3.110E+02  2.597E+00  1.105E+06
  785.0  2.713E+05  3.032E+02  2.523E+00  1.101E+06
  786.0  2.674E+05  2.956E+02  2.451E+00  1.097E+06
  787.0  2.636E+05  2.882E+02  2.381E+00  1.093E+06
  788.0  2.598E+05  2.810E+02  2.313E+00  1.089E+06
  789.0  2.560E+05  2.740E+02  2.247E+00  1.085E+06
  790.0  2.524E+05  2.671E+02  2.183E+00  1.081E+06
  791.0  2.487E+05  2.604E+02  2.121E+00  1.077E+06
  792.0  2.452E+05  2.539E+02  2.060E+00  1.073E+06
  793.0  2.417E+05  2.476E+02  2.001E+00  1.070E+06
  794.0  2.382E+05  2.414E+02  1.944E+00  1.066E+06
  795.0  2.348E+05  2.354E+02  1.889E+00  1.062E+06
  796.0  2.314E+05  2.295E+02  1.835E+00  1.058E+06
  797.0  2.281E+05  2.238E+02  1.783E+00  1.054E+06
  798.0  2.248E+05  2.182E+02  1.732E+00  1.050E+06
  799.0  2.216E+05  2.128E+02  1.683E+00  1.047E+06
  800.0  2.184E+05  2.075E+02  1.635E+00  1.043E+06
  801.0  2.153E+05  2.023E+02  1.589E+00  1.039E+06
  802.0  2.122E+05  1.972E+02  1.544E+00  1.035E+06
  803.0  2.092E+05  1.923E+02  1.500E+00  1.032E+06
  804.0  2.062E+05  1.875E+02  1.457E+00  1.028E+06
  805.0  2.032E+05  1.829E+02  1.416E+00  1.024E+06
  806.0  2.003E+05  1.783E+02  1.376E+00  1.021E+06
  807.0  1.975E+05  1.739E+02  1.336E+00  1.017E+06
  808.0  1.947E+05  1.696E+02  1.299E+00  1.013E+06
  809.0  1.919E+05  1.653E+02  1.262E+00  1.010E+06
  810.0  1.891E+05  1.612E+02  1.226E+00  1.006E+06
  811.0  1.864E+05  1.572E+02  1.191E+00  1.002E+06
  812.0  1.838E+05  1.533E+02  1.157E+00  9.988E+05
  813.0  1.811E+05  1.495E+02  1.125E+00  9.953E+05
  814.0  1.786E+05  1.458E+02  1.093E+00  9.917E+05
  815.0  1.760E+05  1.422E+02  1.062E+00  9.881E+05
  816.0  1.735E+05  1.387E+02  1.032E+00  9.846E+05
  817.0  1.710E+05  1.352E+02  1.003E+00  9.811E+05
  818.0  1.686E+05  1.319E+02  9.742E-01  9.776E+05
  819.0  1.662E+05  1.286E+02  9.466E-01  9.741E+05
  820.0  1.638E+05  1.254E+02  9.199E-01  9.706E+05
  821.0  1.615E+05  1.223E+02  8.939E-01  9.671E+05
  822.0  1.592E+05  1.193E+02  8.686E-01  9.636E+05
  823.0  1.569E+05  1.163E+02  8.440E-01  9.602E+05
  824.0  1.547E+05  1.134E+02  8.202E-01  9.568E+05
  825.0  1.525E+05  1.106E+02  7.970E-01  9.533E+05
  826.0  1.503E+05  1.079E+02  7.745E-01  9.499E+05
  827.0  1.482E+05  1.052E+02  7.527E-01  9.465E+05
  828.0  1.461E+05  1.026E+02  7.314E-01  9.432E+05
  829.0  1.440E+05  1.001E+02  7.108E-01  9.398E+05
  830.0  1.420E+05  9.760E+01  6.907E-01  9.364E+05
  831.0  1.400E+05  9.519E+01  6.713E-01  9.331E+05
  832.0  1.380E+05  9.284E+01  6.523E-01  9.298E+05
  833.0  1.360E+05  9.054E+01  6.340E-01  9.264E+05
  834.0  1.341E+05  8.831E+01  6.161E-01  9.231E+05
  835.0  1.322E+05  8.613E+01  5.988E-01  9.199E+05
  836.0  1.303E+05  8.400E+01  5.819E-01  9.166E+05
  837.0  1.285E+05  8.193E+01  5.655E-01  9.133E+05
  838.0  1.266E+05  7.991E+01  5.496E-01  9.101E+05
  839.0  1.248E+05  7.794E+01  5.341E-01  9.068E+05
  840.0  1.231E+05  7.602E+01  5.191E-01  9.036E+05
  841.0  1.213E+05  7.414E+01  5.045E-01  9.004E+05
  842.0  1.196E+05  7.232E+01  4.903E-01  8.972E+05
  843.0  1.179E+05  7.053E+01  4.766E-01  8.940E+05
  844.0  1.162E+05  6.880E+01  4.632E-01  8.908E+05
  845.0  1.146E+05  6.710E+01  4.502E-01  8.876E+05
  846.0  1.130E+05  6.545E+01  4.375E-01  8.845E+05
  847.0  1.114E+05  6.384E+01  4.252E-01  8.813E+05
  848.0  1.098E+05  6.227E+01  4.133E-01  8.782E+05
  849.0  1.083E+05  6.074E+01  4.017E-01  8.751E+05
  850.0  1.067E+05  5.925E+01  3.904E-01  8.720E+05
  851.0  1.052E+05  5.779E+01  3.795E-01  8.689E+05
  852.0  1.037E+05  5.637E+01  3.688E-01  8.658E+05
  853.0  1.023E+05  5.498E+01  3.585E-01  8.627E+05
  854.0  1.008E+05  5.363E+01  3.485E-01  8.597E+05
  855.0  9.941E+04  5.232E+01  3.387E-01  8.566E+05
  856.0  9.801E+04  5.103E+01  3.292E-01  8.536E+05
  857.0  9.663E+04  4.978E+01  3.200E-01  8.506E+05
  858.0  9.527E+04  4.856E+01  3.110E-01  8.476E+05
  859.0  9.392E+04  4.737E+01  3.023E-01  8.445E+05
  860.0  9.260E+04  4.621E+01  2.939E-01  8.416E+05
  861.0  9.130E+04  4.507E+01  2.857E-01  8.386E+05
  862.0  9.001E+04  4.397E+01  2.777E-01  8.356E+05
  863.0  8.874E+04  4.289E+01  2.699E-01  8.327E+05
  864.0  8.750E+04  4.184E+01  2.624E-01  8.297E+05
  865.0  8.626E+04  4.082E+01  2.550E-01  8.268E+05
  866.0  8.505E+04  3.982E+01  2.479E-01  8.239E+05
  867.0  8.386E+04  3.884E+01  2.410E-01  8.209E+05
  868.0  8.268E+04  3.789E+01  2.343E-01  8.180E+05
  869.0  8.152E+04  3.697E+01  2.277E-01  8.152E+05
  870.0  8.037E+04  3.606E+01  2.214E-01  8.123E+05
  871.0  7.924E+04  3.518E+01  2.152E-01  8.094E+05
  872.0  7.813E+04  3.432E+01  2.092E-01  8.066E+05
  873.0  7.703E+04  3.348E+01  2.034E-01  8.037E+05
  874.0  7.595E+04  3.266E+01  1.977E-01  8.009E+05
  875.0  7.489E+04  3.187E+01  1.922E-01  7.981E+05
  876.0  7.384E+04  3.109E+01  1.868E-01  7.952E+05
  877.0  7.280E+04  3.033E+01  1.816E-01  7.924E+05
  878.0  7.178E+04  2.959E+01  1.766E-01  7.896E+05
  879.0  7.077E+04  2.887E+01  1.717E-01  7.869E+05
  880.0  6.978E+04  2.816E+01  1.669E-01  7.841E+05
  881.0  6.881E+04  2.748E+01  1.623E-01  7.813E+05
  882.0  6.784E+04  2.681E+01  1.577E-01  7.786E+05
  883.0  6.689E+04  2.615E+01  1.534E-01  7.758E+05
  884.0  6.596E+04  2.552E+01  1.491E-01  7.731E+05
  885.0  6.503E+04  2.490E+01  1.450E-01  7.704E+05
  886.0  6.412E+04  2.429E+01  1.409E-01  7.677E+05
  887.0  6.323E+04  2.370E+01  1.370E-01  7.650E+05
  888.0  6.234E+04  2.312E+01  1.332E-01  7.623E+05
  889.0  6.147E+04  2.256E+01  1.295E-01  7.596E+05
  890.0  6.061E+04  2.201E+01  1.259E-01  7.570E+05
  891.0  5.977E+04  2.148E+01  1.224E-01  7.543E+05
  892.0  5.893E+04  2.095E+01  1.190E-01  7.517E+05
  893.0  5.811E+04  2.044E+01  1.157E-01  7.490E+05
  894.0  5.730E+04  1.995E+01  1.125E-01  7.464E+05
  895.0  5.650E+04  1.946E+01  1.094E-01  7.438E+05
  896.0  5.571E+04  1.899E+01  1.064E-01  7.412E+05
  897.0  5.493E+04  1.853E+01  1.034E-01  7.386E+05
  898.0  5.417E+04  1.808E+01  1.006E-01  7.360E+05
  899.0  5.341E+04  1.764E+01  9.778E-02  7.334E+05
  900.0  5.267E+04  1.721E+01  9.508E-02  7.308E+05
  901.0  5.194E+04  1.680E+01  9.245E-02  7.283E+05
  902.0  5.121E+04  1.639E+01  8.989E-02  7.257E+05
  903.0  5.050E+04  1.599E+01  8.740E-02  7.232E+05
  904.0  4.980E+04  1.560E+01  8.499E-02  7.207E+05
  905.0  4.910E+04  1.523E+01  8.264E-02  7.181E+05
  906.0  4.842E+04  1.486E+01  8.036E-02  7.156E+05
  907.0  4.775E+04  1.450E+01  7.814E-02  7.131E+05
  908.0  4.708E+04  1.415E+01  7.598E-02  7.106E+05
  909.0  4.643E+04  1.380E+01  7.388E-02  7.082E+05
  910.0  4.578E+04  1.347E+01  7.184E-02  7.057E+05
  911.0  4.515E+04  1.315E+01  6.986E-02  7.032E+05
  912.0  4.452E+04  1.283E+01  6.794E-02  7.008E+05
  913.0  4.390E+04  1.252E+01  6.606E-02  6.983E+05
  914.0  4.329E+04  1.221E+01  6.424E-02  6.959E+05
  915.0  4.269E+04  1.192E+01  6.247E-02  6.935E+05
  916.0  4.210E+04  1.163E+01  6.075E-02  6.910E+05
  917.0  4.152E+04  1.135E+01  5.908E-02  6.886E+05
  918.0  4.094E+04  1.108E+01  5.745E-02  6.862E+05
  919.0  4.037E+04  1.081E+01  5.587E-02  6.838E+05
  920.0  3.981E+04  1.055E+01  5.433E-02  6.815E+05
  921.0  3.926E+04  1.029E+01  5.284E-02  6.791E+05
  922.0  3.872E+04  1.005E+01  5.138E-02  6.767E+05
  923.0  3.818E+04  9.804E+00  4.997E-02  6.744E+05
  924.0  3.765E+04  9.568E+00  4.860E-02  6.720E+05
  925.0  3.713E+04  9.338E+00  4.726E-02  6.697E+05
  926.0  3.662E+04  9.113E+00  4.596E-02  6.674E+05
  927.0  3.611E+04  8.893E+00  4.470E-02  6.650E+05
  928.0  3.561E+04  8.679E+00  4.347E-02  6.627E+05
  929.0  3.512E+04  8.470E+00  4.228E-02  6.604E+05
  930.0  3.464E+04  8.267E+00  4.112E-02  6.581E+05
  931.0  3.416E+04  8.068E+00  3.999E-02  6.559E+05
  932.0  3.369E+04  7.874E+00  3.889E-02  6.536E+05
  933.0  3.322E+04  7.685E+00  3.783E-02  6.513E+05
  934.0  3.276E+04  7.500E+00  3.679E-02  6.490E+05
  935.0  3.231E+04  7.320E+00  3.578E-02  6.468E+05
  936.0  3.186E+04  7.144E+00  3.480E-02  6.446E+05
  937.0  3.143E+04  6.972E+00  3.385E-02  6.423E+05
  938.0  3.099E+04  6.805E+00  3.292E-02  6.401E+05
  939.0  3.056E+04  6.642E+00  3.202E-02  6.379E+05
  940.0  3.014E+04  6.482E+00  3.114E-02  6.357E+05
  941.0  2.973E+04  6.327E+00  3.029E-02  6.335E+05
  942.0  2.932E+04  6.175E+00  2.946E-02  6.313E+05
  943.0  2.891E+04  6.027E+00  2.865E-02  6.291E+05
  944.0  2.852E+04  5.883E+00  2.787E-02  6.269E+05
  945.0  2.812E+04  5.742E+00  2.711E-02  6.247E+05
  946.0  2.774E+04  5.604E+00  2.637E-02  6.226E+05
  947.0  2.736E+04  5.470E+00  2.565E-02  6.204E+05
  948.0  2.698E+04  5.339E+00  2.495E-02  6.183E+05
  949.0  2.661E+04  5.211E+00  2.427E-02  6.162E+05
  950.0  2.624E+04  5.086E+00  2.360E-02  6.140E+05
  951.0  2.588E+04  4.965E+00  2.296E-02  6.119E+05
  952.0  2.553E+04  4.846E+00  2.233E-02  6.098E+05
  953.0  2.518E+04  4.730E+00  2.172E-02  6.077E+05
  954.0  2.483E+04  4.617E+00  2.113E-02  6.056E+05
  955.0  2.449E+04  4.507E+00  2.056E-02  6.035E+05
  956.0  2.415E+04  4.399E+00  2.000E-02  6.014E+05
  957.0  2.382E+04  4.294E+00  1.945E-02  5.993E+05
  958.0  2.350E+04  4.192E+00  1.892E-02  5.973E+05
  959.0  2.317E+04  4.091E+00  1.841E-02  5.952E+05
  960.0  2.286E+04  3.994E+00  1.790E-02  5.932E+05
  961.0  2.254E+04  3.899E+00  1.742E-02  5.911E+05
  962.0  2.223E+04  3.806E+00  1.694E-02  5.891E+05
  963.0  2.193E+04  3.715E+00  1.648E-02  5.871E+05
  964.0  2.163E+04  3.626E+00  1.603E-02  5.850E+05
  965.0  2.133E+04  3.540E+00  1.560E-02  5.830E+05
  966.0  2.104E+04  3.456E+00  1.517E-02  5.810E+05
  967.0  2.075E+04  3.373E+00  1.476E-02  5.790E+05
  968.0  2.047E+04  3.293E+00  1.436E-02  5.770E+05
  969.0  2.019E+04  3.214E+00  1.397E-02  5.751E+05
  970.0  1.991E+04  3.138E+00  1.359E-02  5.731E+05
  971.0  1.964E+04  3.063E+00  1.322E-02  5.711E+05
  972.0  1.937E+04  2.990E+00  1.286E-02  5.692E+05
  973.0  1.911E+04  2.919E+00  1.251E-02  5.672E+05
  974.0  1.885E+04  2.850E+00  1.217E-02  5.653E+05
  975.0  1.859E+04  2.782E+00  1.184E-02  5.633E+05
  976.0  1.834E+04  2.716E+00  1.152E-02  5.614E+05
  977.0  1.809E+04  2.652E+00  1.121E-02  5.595E+05
  978.0  1.784E+04  2.589E+00  1.091E-02  5.575E+05
  979.0  1.760E+04  2.527E+00  1.061E-02  5.556E+05
  980.0  1.736E+04  2.467E+00  1.032E-02  5.537E+05
  981.0  1.712E+04  2.409E+00  1.005E-02  5.518E+05
  982.0  1.689E+04  2.351E+00  9.773E-03  5.499E+05
  983.0  1.666E+04  2.296E+00  9.509E-03  5.481E+05
  984.0  1.643E+04  2.241E+00  9.252E-03  5.462E+05
  985.0  1.621E+04  2.188E+00  9.001E-03  5.443E+05
  986.0  1.599E+04  2.136E+00  8.758E-03  5.425E+05
  987.0  1.577E+04  2.086E+00  8.521E-03  5.406E+05
  988.0  1.555E+04  2.036E+00  8.291E-03  5.388E+05
  989.0  1.534E+04  1.988E+00  8.067E-03  5.369E+05
  990.0  1.513E+04  1.941E+00  7.849E-03  5.351E+05
  991.0  1.493E+04  1.895E+00  7.637E-03  5.332E+05
  992.0  1.472E+04  1.850E+00  7.431E-03  5.314E+05
  993.0  1.452E+04  1.806E+00  7.231E-03  5.296E+05
  994.0  1.433E+04  1.764E+00  7.035E-03  5.278E+05
  995.0  1.413E+04  1.722E+00  6.846E-03  5.260E+05
  996.0  1.394E+04  1.681E+00  6.661E-03  5.242E+05
  997.0  1.375E+04  1.642E+00  6.482E-03  5.224E+05
  998.0  1.357E+04  1.603E+00  6.307E-03  5.206E+05
  999.0  1.338E+04  1.565E+00  6.137E-03  5.189E+05
